[debug] [2025-07-18T21:30:39.141Z] ----------------------------------------------------------------------
[debug] [2025-07-18T21:30:39.146Z] Command:       /opt/homebrew/Cellar/node/23.11.0/bin/node /opt/homebrew/bin/firebase init
[debug] [2025-07-18T21:30:39.146Z] CLI Version:   14.11.0
[debug] [2025-07-18T21:30:39.146Z] Platform:      darwin
[debug] [2025-07-18T21:30:39.146Z] Node Version:  v23.11.0
[debug] [2025-07-18T21:30:39.146Z] Time:          Sat Jul 19 2025 03:00:39 GMT+0530 (India Standard Time)
[debug] [2025-07-18T21:30:39.146Z] ----------------------------------------------------------------------
[debug] 
[debug] [2025-07-18T21:30:39.149Z] > command requires scopes: ["email","openid","https://www.googleapis.com/auth/cloudplatformprojects.readonly","https://www.googleapis.com/auth/firebase","https://www.googleapis.com/auth/cloud-platform"]
[debug] [2025-07-18T21:30:39.150Z] > authorizing via signed-in user (praveerranjansingh@gmail.com)
[info] 
     ######## #### ########  ######## ########     ###     ######  ########
     ##        ##  ##     ## ##       ##     ##  ##   ##  ##       ##
     ######    ##  ########  ######   ########  #########  ######  ######
     ##        ##  ##    ##  ##       ##     ## ##     ##       ## ##
     ##       #### ##     ## ######## ########  ##     ##  ######  ########

You're about to initialize a Firebase project in this directory:

  /Users/praveerranjansingh/Desktop/udemy/prog1

[info] 
=== Project Setup
[info] 
[info] First, let's associate this project directory with a Firebase project.
[info] You can create multiple project aliases by running firebase use --add, 
[info] but for now we'll just set up a default project.
[info] 
[debug] [2025-07-18T21:30:54.008Z] Checked if tokens are valid: true, expires at: 1752877043361
[debug] [2025-07-18T21:30:54.008Z] Checked if tokens are valid: true, expires at: 1752877043361
[debug] [2025-07-18T21:30:54.010Z] >>> [apiv2][query] GET https://firebase.googleapis.com/v1beta1/projects pageSize=100
[debug] [2025-07-18T21:30:55.150Z] <<< [apiv2][status] GET https://firebase.googleapis.com/v1beta1/projects 200
[debug] [2025-07-18T21:30:55.151Z] <<< [apiv2][body] GET https://firebase.googleapis.com/v1beta1/projects [omitted]
[info] i  Using project eshop-726fd (Eshop) 
[info] 
=== Hosting Setup
[debug] [2025-07-18T21:30:57.014Z] Checked if tokens are valid: true, expires at: 1752877043361
[debug] [2025-07-18T21:30:57.014Z] Checked if tokens are valid: true, expires at: 1752877043361
[debug] [2025-07-18T21:30:57.015Z] >>> [apiv2][query] GET https://firebase.googleapis.com/v1beta1/projects/eshop-726fd [none]
[debug] [2025-07-18T21:30:57.633Z] <<< [apiv2][status] GET https://firebase.googleapis.com/v1beta1/projects/eshop-726fd 200
[debug] [2025-07-18T21:30:57.633Z] <<< [apiv2][body] GET https://firebase.googleapis.com/v1beta1/projects/eshop-726fd {"projectId":"eshop-726fd","projectNumber":"172211848265","displayName":"Eshop","name":"projects/eshop-726fd","resources":{"hostingSite":"eshop-726fd","realtimeDatabaseInstance":"eshop-726fd-default-rtdb"},"state":"ACTIVE","etag":"1_8e825f3d-18ab-4abb-8538-bcff4fc1e3e6"}
[info] 
[info] Your public directory is the folder (relative to your project directory) that
[info] will contain Hosting assets to be uploaded with firebase deploy. If you
[info] have a build process for your assets, use your build's output directory.
[info] 
[debug] [2025-07-18T21:31:03.556Z] >>> [apiv2][query] GET https://www.gstatic.com/firebasejs/releases.json [none]
[debug] [2025-07-18T21:31:03.745Z] <<< [apiv2][status] GET https://www.gstatic.com/firebasejs/releases.json 200
[debug] [2025-07-18T21:31:03.745Z] <<< [apiv2][body] GET https://www.gstatic.com/firebasejs/releases.json {"current":{"version":"12.0.0","browserURL":"https://www.gstatic.com/firebasejs/12.0.0/firebase.js","packageURL":"https://www.gstatic.com/firebasejs/12.0.0/firebase.tgz"},"live":{"version":"12.0","browserURL":"https://www.gstatic.com/firebasejs/live/12.0/firebase.js","packageURL":"https://www.gstatic.com/firebasejs/live/12.0/firebase.tgz"},"components":{"ai":"https://www.gstatic.com/firebasejs/12.0.0/firebase-ai.js","analytics":"https://www.gstatic.com/firebasejs/12.0.0/firebase-analytics.js","app":"https://www.gstatic.com/firebasejs/12.0.0/firebase-app.js","app-check":"https://www.gstatic.com/firebasejs/12.0.0/firebase-app-check.js","auth":"https://www.gstatic.com/firebasejs/12.0.0/firebase-auth.js","auth/cordova":"https://www.gstatic.com/firebasejs/12.0.0/firebase-auth/cordova.js","auth/web-extension":"https://www.gstatic.com/firebasejs/12.0.0/firebase-auth/web-extension.js","functions":"https://www.gstatic.com/firebasejs/12.0.0/firebase-functions.js","firestore":"https://www.gstatic.com/firebasejs/12.0.0/firebase-firestore.js","firestore/lite":"https://www.gstatic.com/firebasejs/12.0.0/firebase-firestore/lite.js","installations":"https://www.gstatic.com/firebasejs/12.0.0/firebase-installations.js","storage":"https://www.gstatic.com/firebasejs/12.0.0/firebase-storage.js","performance":"https://www.gstatic.com/firebasejs/12.0.0/firebase-performance.js","remote-config":"https://www.gstatic.com/firebasejs/12.0.0/firebase-remote-config.js","messaging":"https://www.gstatic.com/firebasejs/12.0.0/firebase-messaging.js","messaging/sw":"https://www.gstatic.com/firebasejs/12.0.0/firebase-messaging/sw.js","database":"https://www.gstatic.com/firebasejs/12.0.0/firebase-database.js","data-connect":"https://www.gstatic.com/firebasejs/12.0.0/firebase-data-connect.js","firestore.memory":"https://www.gstatic.com/firebasejs/12.0.0/firebase-firestore.memory.js"}}
[info] ✔  Wrote y/index.html 
[info] 
[info] i  Detected a .git folder at /Users/praveerranjansingh 
[info] i  Authorizing with GitHub to upload your service account to a GitHub repository's secrets store. 
[info] 
[info] Visit this URL on this device to log in:
[info] https://github.com/login/oauth/authorize?client_id=89cf50f02ac6aaed3484&state=1034120321&redirect_uri=http%3A%2F%2Flocalhost%3A9005&scope=read%3Auser%20repo%20public_repo
[info] 
[info] Waiting for authentication...
[debug] [2025-07-18T21:31:04.434Z] >>> [apiv2][query] POST https://github.com/login/oauth/access_token [none]
[debug] [2025-07-18T21:31:04.434Z] >>> [apiv2][body] POST https://github.com/login/oauth/access_token [stream]
[debug] [2025-07-18T21:31:04.932Z] <<< [apiv2][status] POST https://github.com/login/oauth/access_token 200
[debug] [2025-07-18T21:31:04.933Z] <<< [apiv2][body] POST https://github.com/login/oauth/access_token {"access_token":"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","token_type":"bearer","scope":"read:user,repo"}
[debug] [2025-07-18T21:31:04.940Z] >>> [apiv2][query] GET https://api.github.com/user [none]
[debug] [2025-07-18T21:31:05.462Z] <<< [apiv2][status] GET https://api.github.com/user 200
[debug] [2025-07-18T21:31:05.463Z] <<< [apiv2][body] GET https://api.github.com/user {"login":"PRAVEERRANJANSINGH","id":144705598,"node_id":"U_kgDOCKAIPg","avatar_url":"https://avatars.githubusercontent.com/u/144705598?v=4","gravatar_id":"","url":"https://api.github.com/users/PRAVEERRANJANSINGH","html_url":"https://github.com/PRAVEERRANJANSINGH","followers_url":"https://api.github.com/users/PRAVEERRANJANSINGH/followers","following_url":"https://api.github.com/users/PRAVEERRANJANSINGH/following{/other_user}","gists_url":"https://api.github.com/users/PRAVEERRANJANSINGH/gists{/gist_id}","starred_url":"https://api.github.com/users/PRAVEERRANJANSINGH/starred{/owner}{/repo}","subscriptions_url":"https://api.github.com/users/PRAVEERRANJANSINGH/subscriptions","organizations_url":"https://api.github.com/users/PRAVEERRANJANSINGH/orgs","repos_url":"https://api.github.com/users/PRAVEERRANJANSINGH/repos","events_url":"https://api.github.com/users/PRAVEERRANJANSINGH/events{/privacy}","received_events_url":"https://api.github.com/users/PRAVEERRANJANSINGH/received_events","type":"User","user_view_type":"private","site_admin":false,"name":"Pointer_C","company":null,"blog":"","location":null,"email":null,"hireable":null,"bio":"🌸","twitter_username":null,"notification_email":null,"public_repos":7,"public_gists":0,"followers":0,"following":0,"created_at":"2023-09-11T14:43:14Z","updated_at":"2025-06-13T09:48:45Z","private_gists":0,"total_private_repos":7,"owned_private_repos":7,"disk_usage":11145,"collaborators":0,"two_factor_authentication":false,"plan":{"name":"free","space":976562499,"collaborators":0,"private_repos":10000}}
[info] 
[info] ✔  Success! Logged into GitHub as PRAVEERRANJANSINGH 
[info] 
[debug] [2025-07-18T21:31:11.350Z] >>> [apiv2][query] GET https://api.github.com/repos//actions/secrets/public-key type=owner
[debug] [2025-07-18T21:31:11.786Z] <<< [apiv2][status] GET https://api.github.com/repos//actions/secrets/public-key 404
[debug] [2025-07-18T21:31:11.787Z] <<< [apiv2][body] GET https://api.github.com/repos//actions/secrets/public-key {"message":"Not Found","documentation_url":"https://docs.github.com/rest","status":"404"}
[info] 
[info] 
[error] ⚠  The provided authorization cannot be used with this repository. If this repository is in an organization, did you remember to grant access? 
[info] 
[info] i  Action required: Visit this URL to ensure access has been granted to the appropriate organization(s) for the Firebase CLI GitHub OAuth App: 
[info] https://github.com/settings/connections/applications/89cf50f02ac6aaed3484
[info] 
[debug] [2025-07-18T21:31:35.322Z] >>> [apiv2][query] GET https://api.github.com/repos/Sometimes, running firebase init again after logging in and selecting the correct project will create the necessary service account./actions/secrets/public-key type=owner
[debug] [2025-07-18T21:31:35.794Z] <<< [apiv2][status] GET https://api.github.com/repos/Sometimes, running firebase init again after logging in and selecting the correct project will create the necessary service account./actions/secrets/public-key 404
[debug] [2025-07-18T21:31:35.794Z] <<< [apiv2][body] GET https://api.github.com/repos/Sometimes, running firebase init again after logging in and selecting the correct project will create the necessary service account./actions/secrets/public-key {"message":"Not Found","documentation_url":"https://docs.github.com/rest","status":"404"}
[info] 
[info] 
[error] ⚠  The provided authorization cannot be used with this repository. If this repository is in an organization, did you remember to grant access? 
[info] 
[info] i  Action required: Visit this URL to ensure access has been granted to the appropriate organization(s) for the Firebase CLI GitHub OAuth App: 
[info] https://github.com/settings/connections/applications/89cf50f02ac6aaed3484
[info] 
[debug] [2025-07-18T21:31:40.620Z] >>> [apiv2][query] GET https://api.github.com/repos/Let me know if you need step-by-step help with any of these!Sometimes, running firebase init again after logging in and selecting the correct project will create the necessary service account.Sometimes, running firebase init again after logging in and selecting the correct project will create the necessary service account./actions/secrets/public-key type=owner
[debug] [2025-07-18T21:31:40.926Z] <<< [apiv2][status] GET https://api.github.com/repos/Let me know if you need step-by-step help with any of these!Sometimes, running firebase init again after logging in and selecting the correct project will create the necessary service account.Sometimes, running firebase init again after logging in and selecting the correct project will create the necessary service account./actions/secrets/public-key 404
[debug] [2025-07-18T21:31:40.926Z] <<< [apiv2][body] GET https://api.github.com/repos/Let me know if you need step-by-step help with any of these!Sometimes, running firebase init again after logging in and selecting the correct project will create the necessary service account.Sometimes, running firebase init again after logging in and selecting the correct project will create the necessary service account./actions/secrets/public-key {"message":"Not Found","documentation_url":"https://docs.github.com/rest","status":"404"}
[info] 
[info] 
[error] ⚠  The provided authorization cannot be used with this repository. If this repository is in an organization, did you remember to grant access? 
[info] 
[info] i  Action required: Visit this URL to ensure access has been granted to the appropriate organization(s) for the Firebase CLI GitHub OAuth App: 
[info] https://github.com/settings/connections/applications/89cf50f02ac6aaed3484
[info] 
[debug] [2025-07-18T21:32:20.889Z] >>> [apiv2][query] GET https://api.github.com/repos/Let me know if you need step-by-step help with any of these!Let me know if you need step-by-step help with any of these!Sometimes, running firebase init again after logging in and selecting the correct project will create the necessary service account.Sometimes, running firebase init again after logging in and selecting the correct project will create the necessary service account.praveerranjansingh/Eshop/actions/secrets/public-key type=owner
[debug] [2025-07-18T21:32:21.331Z] <<< [apiv2][status] GET https://api.github.com/repos/Let me know if you need step-by-step help with any of these!Let me know if you need step-by-step help with any of these!Sometimes, running firebase init again after logging in and selecting the correct project will create the necessary service account.Sometimes, running firebase init again after logging in and selecting the correct project will create the necessary service account.praveerranjansingh/Eshop/actions/secrets/public-key 404
[debug] [2025-07-18T21:32:21.332Z] <<< [apiv2][body] GET https://api.github.com/repos/Let me know if you need step-by-step help with any of these!Let me know if you need step-by-step help with any of these!Sometimes, running firebase init again after logging in and selecting the correct project will create the necessary service account.Sometimes, running firebase init again after logging in and selecting the correct project will create the necessary service account.praveerranjansingh/Eshop/actions/secrets/public-key {"message":"Not Found","documentation_url":"https://docs.github.com/rest/actions/secrets#get-a-repository-public-key","status":"404"}
[info] 
[info] 
[error] ⚠  The provided authorization cannot be used with this repository. If this repository is in an organization, did you remember to grant access? 
[info] 
[info] i  Action required: Visit this URL to ensure access has been granted to the appropriate organization(s) for the Firebase CLI GitHub OAuth App: 
[info] https://github.com/settings/connections/applications/89cf50f02ac6aaed3484
[info] 
